<?xml version="1.0" encoding="UTF-8"?>
<robot generator="Robot 3.1.2 (Python 3.7.3 on linux)" generated="20190803 13:18:31.026" rpa="false">
<suite id="s1" name="Search shoes" source="/home/sebas/PycharmProjects/Robot/Tests/Search_shoes.robot">
<test id="s1-t1" name="User must see the main page">
<kw name="Open Browser" library="SeleniumLibrary">
<doc>Opens a new browser instance to the given ``url``.</doc>
<arguments>
<arg>https://www.ebay.com/ Chrome</arg>
</arguments>
<msg timestamp="20190803 13:18:31.114" level="INFO">Opening browser 'firefox' to base url 'https://www.ebay.com/ Chrome'.</msg>
<status status="PASS" starttime="20190803 13:18:31.114" endtime="20190803 13:18:34.532"></status>
</kw>
<kw name="Close Browser" library="SeleniumLibrary">
<doc>Closes the current browser.</doc>
<status status="PASS" starttime="20190803 13:18:34.532" endtime="20190803 13:18:34.953"></status>
</kw>
<doc>Basic infor about the test case</doc>
<tags>
<tag>ATDD - Main Page Load</tag>
</tags>
<status status="PASS" starttime="20190803 13:18:31.113" endtime="20190803 13:18:34.953" critical="yes"></status>
</test>
<doc>Basic info about the suite</doc>
<status status="PASS" starttime="20190803 13:18:31.026" endtime="20190803 13:18:34.953"></status>
</suite>
<statistics>
<total>
<stat pass="1" fail="0">Critical Tests</stat>
<stat pass="1" fail="0">All Tests</stat>
</total>
<tag>
<stat pass="1" fail="0">ATDD - Main Page Load</stat>
</tag>
<suite>
<stat pass="1" fail="0" id="s1" name="Search shoes">Search shoes</stat>
</suite>
</statistics>
<errors>
</errors>
</robot>
