<?xml version="1.0" encoding="UTF-8"?>
<robot generator="Robot 3.1.2 (Python 3.7.3 on linux)" generated="20190803 18:43:03.188" rpa="false">
<suite id="s1" name="Search shoes" source="/home/sebas/PycharmProjects/Robot/Tests/Search_shoes.robot">
<test id="s1-t1" name="User must see the main page">
<kw name="Open Browser" library="SeleniumLibrary">
<doc>Opens a new browser instance to the given ``url``.</doc>
<arguments>
<arg>https://www.ebay.com/ Firefox</arg>
</arguments>
<msg timestamp="20190803 18:43:03.277" level="INFO">Opening browser 'firefox' to base url 'https://www.ebay.com/ Firefox'.</msg>
<status status="PASS" starttime="20190803 18:43:03.277" endtime="20190803 18:43:07.080"></status>
</kw>
<kw name="Sleep" library="BuiltIn">
<doc>Pauses the test executed for the given time.</doc>
<arguments>
<arg>3s</arg>
</arguments>
<msg timestamp="20190803 18:43:10.081" level="INFO">Slept 3 seconds</msg>
<status status="PASS" starttime="20190803 18:43:07.080" endtime="20190803 18:43:10.081"></status>
</kw>
<kw name="Input Text" library="SeleniumLibrary">
<doc>Types the given ``text`` into text field identified by ``locator``.</doc>
<arguments>
<arg>id:gh-ac</arg>
<arg>Shoes</arg>
</arguments>
<msg timestamp="20190803 18:43:10.082" level="INFO">Typing text 'Shoes' into text field 'id:gh-ac'.</msg>
<status status="PASS" starttime="20190803 18:43:10.082" endtime="20190803 18:43:10.164"></status>
</kw>
<kw name="Click Element" library="SeleniumLibrary">
<doc>Click element identified by ``locator``.</doc>
<arguments>
<arg>id:gh-btn</arg>
</arguments>
<msg timestamp="20190803 18:43:10.164" level="INFO">Clicking element 'id:gh-btn'.</msg>
<status status="PASS" starttime="20190803 18:43:10.164" endtime="20190803 18:43:15.192"></status>
</kw>
<kw name="Sleep" library="BuiltIn">
<doc>Pauses the test executed for the given time.</doc>
<arguments>
<arg>3s</arg>
</arguments>
<msg timestamp="20190803 18:43:18.192" level="INFO">Slept 3 seconds</msg>
<status status="PASS" starttime="20190803 18:43:15.192" endtime="20190803 18:43:18.193"></status>
</kw>
<kw name="Select Checkbox" library="SeleniumLibrary">
<doc>Selects checkbox identified by ``locator``.</doc>
<arguments>
<arg>css:input[aria-label='10']</arg>
</arguments>
<msg timestamp="20190803 18:43:18.193" level="INFO">Selecting checkbox 'css:input[aria-label='10']'.</msg>
<status status="PASS" starttime="20190803 18:43:18.193" endtime="20190803 18:43:20.328"></status>
</kw>
<kw name="Close Browser" library="SeleniumLibrary">
<doc>Closes the current browser.</doc>
<status status="PASS" starttime="20190803 18:43:20.328" endtime="20190803 18:43:20.816"></status>
</kw>
<doc>Basic infor about the test case</doc>
<tags>
<tag>ATDD - Search Shoes Puma size 10 and order them</tag>
</tags>
<status status="PASS" starttime="20190803 18:43:03.277" endtime="20190803 18:43:20.816" critical="yes"></status>
</test>
<doc>Basic info about the suite</doc>
<status status="PASS" starttime="20190803 18:43:03.188" endtime="20190803 18:43:20.817"></status>
</suite>
<statistics>
<total>
<stat pass="1" fail="0">Critical Tests</stat>
<stat pass="1" fail="0">All Tests</stat>
</total>
<tag>
<stat pass="1" fail="0">ATDD - Search Shoes Puma size 10 and order them</stat>
</tag>
<suite>
<stat pass="1" fail="0" id="s1" name="Search shoes">Search shoes</stat>
</suite>
</statistics>
<errors>
</errors>
</robot>
